<?xml version="1.0" encoding="UTF-8"?>
<!-- Generated by org.testng.reporters.JUnitXMLReporter -->
<testsuite ignored="0" hostname="prashoys-MacBook-Air.local" failures="3" tests="16" name="build1" time="109.482" errors="0" timestamp="2022-12-04T08:03:43 IST">
  <testcase classname="com.supermarket.tests.HomeTest" name="verify" time="1.425"/>
  <testcase classname="com.supermarket.tests.LoginTest" name="verifyInvalidloginAlertMessage" time="1.196"/>
  <testcase classname="com.supermarket.tests.LoginTest" name="verifyRememberMebuttonIsSelectedOrNot" time="0.106"/>
  <testcase classname="com.supermarket.tests.AdminUsersTest" name="verifyUserCanCreate_NewUsers" time="6.073"/>
  <testcase classname="com.supermarket.tests.LoginTest" name="verify_LoginByCheckingProfileName" time="1.601"/>
  <testcase classname="com.supermarket.tests.LoginTest" name="verify_TextOfPassword" time="0.058"/>
  <testcase classname="com.supermarket.tests.LoginTest" name="verify_TextOfPassword" time="0.068"/>
  <testcase classname="com.supermarket.tests.LoginTest" name="verify_TextOfPassword" time="0.052"/>
  <testcase classname="com.supermarket.tests.LoginTest" name="verify_TextOfSigninButton" time="0.062"/>
  <testcase classname="com.supermarket.tests.LoginTest" name="verify_TextOfUserName" time="0.08"/>
  <testcase classname="com.supermarket.tests.AdminUsersTest" name="verify_UserCanDeactivateUser" time="4.614">
    <failure type="java.lang.IndexOutOfBoundsException" message="Index 40 out of bounds for length 40">
      <![CDATA[java.lang.IndexOutOfBoundsException: Index 40 out of bounds for length 40
at java.base/jdk.internal.util.Preconditions.outOfBounds(Preconditions.java:100)
at java.base/jdk.internal.util.Preconditions.outOfBoundsCheckIndex(Preconditions.java:106)
at java.base/jdk.internal.util.Preconditions.checkIndex(Preconditions.java:302)
at java.base/java.util.Objects.checkIndex(Objects.java:359)
at java.base/java.util.ArrayList.get(ArrayList.java:427)
at com.supermarket.pages.AdminUsersPage.click_OnDeactivateUser(AdminUsersPage.java:217)
at com.supermarket.pages.AdminUsersPage.deactivate_User(AdminUsersPage.java:237)
at com.supermarket.tests.AdminUsersTest.verify_UserCanDeactivateUser(AdminUsersTest.java:54)
at java.base/java.util.ArrayList.forEach(ArrayList.java:1511)
at java.base/java.util.concurrent.FutureTask.run(FutureTask.java:264)
at java.base/java.util.concurrent.ThreadPoolExecutor.runWorker(ThreadPoolExecutor.java:1136)
at java.base/java.util.concurrent.ThreadPoolExecutor$Worker.run(ThreadPoolExecutor.java:635)
at java.base/java.lang.Thread.run(Thread.java:833)
... Removed 16 stack frames]]>
    </failure>
  </testcase> <!-- verify_UserCanDeactivateUser -->
  <testcase classname="com.supermarket.tests.AdminUsersTest" name="verify_UserCanEditUser" time="4.366">
    <failure type="java.lang.IndexOutOfBoundsException" message="Index 40 out of bounds for length 40">
      <![CDATA[java.lang.IndexOutOfBoundsException: Index 40 out of bounds for length 40
at java.base/jdk.internal.util.Preconditions.outOfBounds(Preconditions.java:100)
at java.base/jdk.internal.util.Preconditions.outOfBoundsCheckIndex(Preconditions.java:106)
at java.base/jdk.internal.util.Preconditions.checkIndex(Preconditions.java:302)
at java.base/java.util.Objects.checkIndex(Objects.java:359)
at java.base/java.util.ArrayList.get(ArrayList.java:427)
at com.supermarket.pages.AdminUsersPage.click_OnEditUser(AdminUsersPage.java:283)
at com.supermarket.pages.AdminUsersPage.edit_User(AdminUsersPage.java:307)
at com.supermarket.tests.AdminUsersTest.verify_UserCanEditUser(AdminUsersTest.java:69)
at java.base/java.util.ArrayList.forEach(ArrayList.java:1511)
at java.base/java.util.concurrent.FutureTask.run(FutureTask.java:264)
at java.base/java.util.concurrent.ThreadPoolExecutor.runWorker(ThreadPoolExecutor.java:1136)
at java.base/java.util.concurrent.ThreadPoolExecutor$Worker.run(ThreadPoolExecutor.java:635)
at java.base/java.lang.Thread.run(Thread.java:833)
... Removed 16 stack frames]]>
    </failure>
  </testcase> <!-- verify_UserCanEditUser -->
  <testcase classname="com.supermarket.tests.AdminUsersTest" name="verify_UserCanOpenAdminUsersPage" time="2.146"/>
  <testcase classname="com.supermarket.tests.AdminUsersTest" name="verify_UserCanSearchUsers" time="3.11"/>
  <testcase classname="com.supermarket.tests.LoginTest" name="verify_textOfRememberMeCheckbox" time="0.052"/>
  <testcase classname="com.supermarket.tests.AdminUsersTest" name="verify_UserCanDeleteUser" time="2.393">
    <failure type="java.lang.IndexOutOfBoundsException" message="Index 40 out of bounds for length 40">
      <![CDATA[java.lang.IndexOutOfBoundsException: Index 40 out of bounds for length 40
at java.base/jdk.internal.util.Preconditions.outOfBounds(Preconditions.java:100)
at java.base/jdk.internal.util.Preconditions.outOfBoundsCheckIndex(Preconditions.java:106)
at java.base/jdk.internal.util.Preconditions.checkIndex(Preconditions.java:302)
at java.base/java.util.Objects.checkIndex(Objects.java:359)
at java.base/java.util.ArrayList.get(ArrayList.java:427)
at com.supermarket.pages.AdminUsersPage.click_OnDeleteUser(AdminUsersPage.java:249)
at com.supermarket.pages.AdminUsersPage.delete_User(AdminUsersPage.java:272)
at com.supermarket.tests.AdminUsersTest.verify_UserCanDeleteUser(AdminUsersTest.java:62)
at java.base/java.util.ArrayList.forEach(ArrayList.java:1511)
at java.base/java.util.concurrent.FutureTask.run(FutureTask.java:264)
at java.base/java.util.concurrent.ThreadPoolExecutor.runWorker(ThreadPoolExecutor.java:1136)
at java.base/java.util.concurrent.ThreadPoolExecutor$Worker.run(ThreadPoolExecutor.java:635)
at java.base/java.lang.Thread.run(Thread.java:833)
... Removed 16 stack frames]]>
    </failure>
  </testcase> <!-- verify_UserCanDeleteUser -->
</testsuite> <!-- build1 -->
