<?xml version="1.0" encoding="UTF-8"?>
<!-- Generated by org.testng.reporters.JUnitXMLReporter -->
<testsuite ignored="5" hostname="prashoys-MacBook-Air.local" failures="0" tests="1" name="Default test" time="12.446" errors="0" timestamp="2022-11-24T20:55:11 IST">
  <testcase classname="com.supermarket.tests.AdminUsersTest" name="verifyAdminUserDeactivation" time="3.941"/>
  <testcase classname="com.supermarket.tests.AdminUsersTest" name="verifySearchUsers" time="0.0">
    <ignored/>
  </testcase> <!-- verifySearchUsers -->
  <testcase classname="com.supermarket.tests.AdminUsersTest" name="verifyEditUsers" time="0.0">
    <ignored/>
  </testcase> <!-- verifyEditUsers -->
  <testcase classname="com.supermarket.tests.AdminUsersTest" name="verifyNewUsers" time="0.0">
    <ignored/>
  </testcase> <!-- verifyNewUsers -->
  <testcase classname="com.supermarket.tests.AdminUsersTest" name="check_UserAfterDeleteFunction" time="0.0">
    <ignored/>
  </testcase> <!-- check_UserAfterDeleteFunction -->
  <testcase classname="com.supermarket.tests.AdminUsersTest" name="temp" time="0.0">
    <ignored/>
  </testcase> <!-- temp -->
</testsuite> <!-- Default test -->
