<?xml version="1.0" encoding="UTF-8"?>
<testng-results ignored="5" total="6" passed="1" failed="0" skipped="0">
  <reporter-output>
  </reporter-output>
  <suite started-at="2022-11-24T20:54:58 IST" name="Default suite" finished-at="2022-11-24T20:55:11 IST" duration-ms="12446">
    <groups>
    </groups>
    <test started-at="2022-11-24T20:54:58 IST" name="Default test" finished-at="2022-11-24T20:55:11 IST" duration-ms="12446">
      <class name="com.supermarket.tests.AdminUsersTest">
        <test-method is-config="true" signature="setUp()[pri:0, instance:com.supermarket.tests.AdminUsersTest@50eac852]" started-at="2022-11-24T20:54:58 IST" name="setUp" finished-at="2022-11-24T20:55:07 IST" duration-ms="8398" status="PASS">
          <reporter-output>
          </reporter-output>
        </test-method> <!-- setUp -->
        <test-method signature="verifyAdminUserDeactivation()[pri:0, instance:com.supermarket.tests.AdminUsersTest@50eac852]" started-at="2022-11-24T20:55:07 IST" name="verifyAdminUserDeactivation" finished-at="2022-11-24T20:55:11 IST" duration-ms="3941" status="PASS">
          <reporter-output>
          </reporter-output>
        </test-method> <!-- verifyAdminUserDeactivation -->
        <test-method is-config="true" signature="tear_Down(org.testng.ITestResult)[pri:0, instance:com.supermarket.tests.AdminUsersTest@50eac852]" started-at="2022-11-24T20:55:11 IST" name="tear_Down" finished-at="2022-11-24T20:55:11 IST" duration-ms="9" status="PASS">
          <params>
            <param index="0">
              <value>
                <![CDATA[[TestResult name=verifyAdminUserDeactivation status=SUCCESS method=AdminUsersTest.verifyAdminUserDeactivation()[pri:0, instance:com.supermarket.tests.AdminUsersTest@50eac852] output={null}]]]>
              </value>
            </param>
          </params>
          <reporter-output>
          </reporter-output>
        </test-method> <!-- tear_Down -->
      </class> <!-- com.supermarket.tests.AdminUsersTest -->
    </test> <!-- Default test -->
  </suite> <!-- Default suite -->
</testng-results>
