<?xml version="1.0" encoding="UTF-8"?>
<!-- Generated by org.testng.reporters.JUnitXMLReporter -->
<testsuite ignored="0" hostname="prashoys-MacBook-Air.local" failures="0" tests="8" name="browserFireFox" time="132.923" errors="0" timestamp="2022-11-25T21:50:36 IST">
  <testcase classname="com.supermarket.tests.LoginTest" name="verifyInvalidloginAlertMessage" time="4.509"/>
  <testcase classname="com.supermarket.tests.LoginTest" name="verifyRememberMebuttonIsSelectedOrNot" time="0.194"/>
  <testcase classname="com.supermarket.tests.LoginTest" name="verifyValidLoginFunctionality" time="1.439"/>
  <testcase classname="com.supermarket.tests.LoginTest" name="verify_LoginByCheckingProfileName" time="1.031"/>
  <testcase classname="com.supermarket.tests.LoginTest" name="verify_TextOfPassword" time="0.088"/>
  <testcase classname="com.supermarket.tests.LoginTest" name="verify_TextOfSigninButton" time="0.102"/>
  <testcase classname="com.supermarket.tests.LoginTest" name="verify_TextOfUserName" time="0.1"/>
  <testcase classname="com.supermarket.tests.LoginTest" name="verify_textOfRememberMeCheckbox" time="0.066"/>
</testsuite> <!-- browserFireFox -->
