<?xml version="1.0" encoding="UTF-8"?>
<!-- Generated by org.testng.reporters.JUnitXMLReporter -->
<testsuite ignored="0" hostname="prashoys-MacBook-Air.local" failures="2" tests="8" name="browserSafari" time="153.854" errors="0" timestamp="2022-11-25T21:50:57 IST">
  <testcase classname="com.supermarket.tests.LoginTest" name="verifyInvalidloginAlertMessage" time="35.357"/>
  <testcase classname="com.supermarket.tests.LoginTest" name="verifyRememberMebuttonIsSelectedOrNot" time="1.407"/>
  <testcase classname="com.supermarket.tests.LoginTest" name="verifyValidLoginFunctionality" time="0.901"/>
  <testcase classname="com.supermarket.tests.LoginTest" name="verify_LoginByCheckingProfileName" time="1.102">
    <failure type="org.openqa.selenium.WebDriverException" message="Build info: version: &amp;apos;4.2.2&amp;apos;, revision: &amp;apos;683ccb65d6&amp;apos;
System info: host: &amp;apos;prashoys-MacBook-Air.local&amp;apos;, ip: &amp;apos;2405:201:f00f:10fd:6550:afad:bb95:9d44%en0&amp;apos;, os.name: &amp;apos;Mac OS X&amp;apos;, os.arch: &amp;apos;x86_64&amp;apos;, os.version: &amp;apos;10.13.6&amp;apos;, java.version: &amp;apos;18.0.1.1&amp;apos;
Driver info: org.openqa.selenium.safari.SafariDriver
Command: [3D12C5AA-73C9-4190-8D25-E0330E60C1DE, findElement {using=xpath, value=//a[@class=&amp;apos;d-block&amp;apos;]}]
Capabilities {acceptInsecureCerts: false, browserName: Safari, browserVersion: 13.1.2, platformName: MAC, safari:automaticInspection: false, safari:automaticProfiling: false, safari:diagnose: false, safari:platformBuildVersion: 17G14042, safari:platformVersion: 10.13.6, safari:useSimulator: false, setWindowRect: true, strictFileInteractability: false, webkit:WebRTC: {DisableICECandidateFiltering: false, DisableInsecureMediaCapture: false}}
Session ID: 3D12C5AA-73C9-4190-8D25-E0330E60C1DE">
      <![CDATA[org.openqa.selenium.WebDriverException: Build info: version: '4.2.2', revision: '683ccb65d6'
System info: host: 'prashoys-MacBook-Air.local', ip: '2405:201:f00f:10fd:6550:afad:bb95:9d44%en0', os.name: 'Mac OS X', os.arch: 'x86_64', os.version: '10.13.6', java.version: '18.0.1.1'
Driver info: org.openqa.selenium.safari.SafariDriver
Command: [3D12C5AA-73C9-4190-8D25-E0330E60C1DE, findElement {using=xpath, value=//a[@class='d-block']}]
Capabilities {acceptInsecureCerts: false, browserName: Safari, browserVersion: 13.1.2, platformName: MAC, safari:automaticInspection: false, safari:automaticProfiling: false, safari:diagnose: false, safari:platformBuildVersion: 17G14042, safari:platformVersion: 10.13.6, safari:useSimulator: false, setWindowRect: true, strictFileInteractability: false, webkit:WebRTC: {DisableICECandidateFiltering: false, DisableInsecureMediaCapture: false}}
Session ID: 3D12C5AA-73C9-4190-8D25-E0330E60C1DE
at org.openqa.selenium.remote.codec.w3c.W3CHttpResponseCodec.createException(W3CHttpResponseCodec.java:200)
at org.openqa.selenium.remote.codec.w3c.W3CHttpResponseCodec.decode(W3CHttpResponseCodec.java:133)
at org.openqa.selenium.remote.codec.w3c.W3CHttpResponseCodec.decode(W3CHttpResponseCodec.java:53)
at org.openqa.selenium.remote.HttpCommandExecutor.execute(HttpCommandExecutor.java:184)
at org.openqa.selenium.remote.service.DriverCommandExecutor.invokeExecute(DriverCommandExecutor.java:167)
at org.openqa.selenium.remote.service.DriverCommandExecutor.execute(DriverCommandExecutor.java:142)
at org.openqa.selenium.remote.RemoteWebDriver.execute(RemoteWebDriver.java:588)
at org.openqa.selenium.remote.ElementLocation$ElementFinder$2.findElement(ElementLocation.java:162)
at org.openqa.selenium.remote.ElementLocation.findElement(ElementLocation.java:60)
at org.openqa.selenium.remote.RemoteWebDriver.findElement(RemoteWebDriver.java:406)
at org.openqa.selenium.remote.RemoteWebDriver.findElement(RemoteWebDriver.java:398)
at org.openqa.selenium.support.pagefactory.DefaultElementLocator.findElement(DefaultElementLocator.java:70)
at org.openqa.selenium.support.pagefactory.internal.LocatingElementHandler.invoke(LocatingElementHandler.java:39)
at jdk.proxy2/jdk.proxy2.$Proxy17.getText(Unknown Source)
at com.supermarket.utilities.GeneralUtilities.get_TextOfElement(GeneralUtilities.java:29)
at com.supermarket.pages.LoginPage.get_LoginUsersName(LoginPage.java:84)
at com.supermarket.tests.LoginTest.verify_LoginByCheckingProfileName(LoginTest.java:36)
at java.base/java.util.ArrayList.forEach(ArrayList.java:1511)
at java.base/java.util.concurrent.FutureTask.run(FutureTask.java:264)
at java.base/java.util.concurrent.ThreadPoolExecutor.runWorker(ThreadPoolExecutor.java:1136)
at java.base/java.util.concurrent.ThreadPoolExecutor$Worker.run(ThreadPoolExecutor.java:635)
at java.base/java.lang.Thread.run(Thread.java:833)
... Removed 19 stack frames]]>
    </failure>
  </testcase> <!-- verify_LoginByCheckingProfileName -->
  <testcase classname="com.supermarket.tests.LoginTest" name="verify_TextOfPassword" time="0.158"/>
  <testcase classname="com.supermarket.tests.LoginTest" name="verify_TextOfSigninButton" time="0.087"/>
  <testcase classname="com.supermarket.tests.LoginTest" name="verify_TextOfUserName" time="0.189"/>
  <testcase classname="com.supermarket.tests.LoginTest" name="verify_textOfRememberMeCheckbox" time="0.173">
    <failure type="java.lang.AssertionError" message="expected [Remember Me] but found [
                                    Remember Me
                                ]">
      <![CDATA[java.lang.AssertionError: expected [Remember Me] but found [
                                    Remember Me
                                ]
at com.supermarket.tests.LoginTest.verify_textOfRememberMeCheckbox(LoginTest.java:81)
at java.base/java.util.ArrayList.forEach(ArrayList.java:1511)
at java.base/java.util.concurrent.FutureTask.run(FutureTask.java:264)
at java.base/java.util.concurrent.ThreadPoolExecutor.runWorker(ThreadPoolExecutor.java:1136)
at java.base/java.util.concurrent.ThreadPoolExecutor$Worker.run(ThreadPoolExecutor.java:635)
at java.base/java.lang.Thread.run(Thread.java:833)
... Removed 22 stack frames]]>
    </failure>
  </testcase> <!-- verify_textOfRememberMeCheckbox -->
</testsuite> <!-- browserSafari -->
