<?xml version="1.0" encoding="UTF-8"?>
<!-- Generated by org.testng.reporters.JUnitXMLReporter -->
<testsuite ignored="0" hostname="prashoys-MacBook-Air.local" failures="0" tests="8" name="browserChrome" time="111.948" errors="0" timestamp="2022-11-25T21:50:15 IST">
  <testcase classname="com.supermarket.tests.LoginTest" name="verifyInvalidloginAlertMessage" time="4.087"/>
  <testcase classname="com.supermarket.tests.LoginTest" name="verifyRememberMebuttonIsSelectedOrNot" time="0.262"/>
  <testcase classname="com.supermarket.tests.LoginTest" name="verifyValidLoginFunctionality" time="2.664"/>
  <testcase classname="com.supermarket.tests.LoginTest" name="verify_LoginByCheckingProfileName" time="2.302"/>
  <testcase classname="com.supermarket.tests.LoginTest" name="verify_TextOfPassword" time="0.075"/>
  <testcase classname="com.supermarket.tests.LoginTest" name="verify_TextOfSigninButton" time="0.083"/>
  <testcase classname="com.supermarket.tests.LoginTest" name="verify_TextOfUserName" time="0.069"/>
  <testcase classname="com.supermarket.tests.LoginTest" name="verify_textOfRememberMeCheckbox" time="0.079"/>
</testsuite> <!-- browserChrome -->
